SF:lib/network/api.dart
DA:21,15
DA:23,5
DA:24,5
DA:25,10
DA:26,10
DA:27,10
DA:28,10
DA:29,10
DA:32,1
DA:33,1
DA:36,0
DA:37,0
DA:40,1
DA:41,1
DA:44,4
DA:45,4
DA:48,5
DA:49,5
DA:51,5
DA:54,8
DA:61,1
DA:63,4
LF:22
LH:20
end_of_record
SF:lib/network/api_cart.dart
DA:27,1
DA:29,1
DA:30,1
DA:31,1
DA:32,1
DA:33,1
DA:34,1
DA:35,1
DA:36,1
DA:37,1
DA:38,1
DA:39,1
DA:40,1
DA:44,1
DA:45,1
DA:46,1
DA:47,1
DA:48,1
DA:49,1
DA:50,1
DA:51,2
DA:53,1
DA:54,1
DA:57,1
DA:58,1
DA:60,1
DA:61,1
DA:63,1
DA:66,1
DA:67,1
DA:68,1
DA:69,1
DA:71,1
DA:72,1
DA:73,2
DA:75,1
DA:76,1
DA:79,2
DA:82,1
DA:83,1
DA:84,2
DA:87,1
DA:88,1
DA:91,1
DA:92,1
DA:93,2
DA:96,1
DA:97,1
DA:98,2
DA:104,1
DA:109,1
DA:111,3
DA:117,1
DA:118,1
DA:119,2
DA:121,1
DA:122,1
DA:123,1
DA:124,2
DA:126,2
DA:130,1
DA:132,1
DA:133,2
DA:134,1
DA:135,1
DA:136,1
DA:137,2
DA:138,1
DA:139,1
DA:140,1
DA:141,2
DA:144,2
DA:148,1
DA:149,1
DA:150,2
DA:151,1
DA:152,1
DA:153,2
DA:154,2
DA:155,2
DA:159,1
DA:160,3
DA:161,1
DA:162,1
DA:163,2
DA:164,2
DA:165,2
DA:169,1
DA:170,1
DA:171,3
DA:172,1
DA:173,1
DA:174,1
DA:175,1
DA:177,1
DA:178,4
DA:179,2
DA:180,2
DA:184,1
DA:185,1
DA:186,3
DA:187,1
DA:188,1
DA:189,1
DA:190,1
DA:192,1
DA:193,2
DA:194,2
LF:108
LH:108
end_of_record
SF:lib/models/fs_cart.dart
DA:13,2
DA:14,4
DA:15,4
DA:16,4
DA:17,4
DA:18,2
DA:19,4
DA:20,6
DA:24,2
DA:26,1
DA:28,2
DA:30,4
DA:32,2
DA:33,2
DA:38,1
DA:40,1
DA:41,2
DA:42,1
DA:43,2
DA:46,1
DA:47,1
DA:48,1
DA:49,1
LF:23
LH:23
end_of_record
SF:lib/models/fs_cart_product.dart
DA:7,3
DA:8,6
DA:9,6
DA:12,3
DA:14,1
DA:16,3
DA:18,6
DA:20,3
DA:21,3
DA:26,1
DA:28,3
LF:11
LH:11
end_of_record
SF:lib/models/fs_category.dart
DA:11,4
DA:13,4
DA:15,4
DA:17,4
DA:19,4
DA:26,3
DA:28,3
DA:30,2
DA:32,2
DA:34,1
LF:10
LH:10
end_of_record
SF:lib/models/fs_product.dart
DA:14,3
DA:15,6
DA:16,6
DA:17,9
DA:18,6
DA:19,6
DA:20,9
DA:21,3
DA:22,9
DA:26,1
DA:28,1
DA:29,1
DA:30,1
DA:31,1
DA:32,1
DA:33,1
DA:34,2
DA:36,2
DA:40,3
DA:42,1
DA:44,3
DA:46,6
DA:48,3
DA:49,3
DA:59,3
DA:60,9
DA:61,6
DA:64,1
DA:66,3
LF:29
LH:29
end_of_record
SF:lib/models/fs_user.dart
DA:13,2
DA:14,4
DA:15,4
DA:16,4
DA:17,2
DA:18,6
DA:20,4
DA:21,2
DA:22,6
DA:24,4
DA:27,2
DA:29,1
DA:31,2
DA:33,4
DA:35,2
DA:36,2
DA:41,1
DA:43,1
DA:44,1
DA:45,1
DA:46,1
DA:47,1
DA:48,1
DA:49,2
DA:50,2
DA:59,2
DA:60,4
DA:61,4
DA:64,1
DA:66,3
DA:77,2
DA:78,4
DA:79,4
DA:80,4
DA:81,4
DA:82,2
DA:83,6
DA:87,1
DA:89,1
DA:90,2
DA:91,1
DA:92,1
DA:93,1
DA:94,1
DA:103,2
DA:104,4
DA:105,4
DA:108,1
DA:110,3
LF:49
LH:49
end_of_record
SF:lib/network/api_category.dart
DA:15,1
DA:17,1
DA:18,1
DA:19,1
DA:20,1
DA:21,1
DA:25,1
DA:26,1
DA:29,1
DA:30,3
DA:36,1
DA:37,1
DA:38,1
DA:39,2
DA:40,1
DA:41,1
DA:42,2
DA:43,1
DA:44,1
DA:45,1
DA:47,2
DA:49,1
DA:50,1
DA:54,2
DA:58,1
DA:59,1
DA:60,2
DA:61,1
DA:62,1
DA:63,1
DA:64,2
DA:65,1
DA:66,1
DA:67,2
DA:69,2
LF:35
LH:35
end_of_record
SF:lib/network/api_products.dart
DA:18,1
DA:20,1
DA:21,1
DA:22,1
DA:23,1
DA:24,1
DA:25,1
DA:26,1
DA:27,1
DA:28,1
DA:29,1
DA:33,1
DA:34,1
DA:35,1
DA:36,1
DA:38,3
DA:42,1
DA:43,1
DA:44,2
DA:48,1
DA:49,1
DA:52,1
DA:53,1
DA:54,3
DA:57,1
DA:58,1
DA:59,3
DA:65,1
DA:66,1
DA:67,2
DA:68,1
DA:69,1
DA:70,2
DA:71,1
DA:72,1
DA:73,1
DA:74,2
DA:77,2
DA:81,1
DA:82,1
DA:84,2
DA:85,1
DA:86,1
DA:87,2
DA:88,2
DA:89,2
DA:93,1
DA:94,1
DA:95,2
DA:96,1
DA:97,1
DA:98,1
DA:99,1
DA:101,1
DA:102,2
DA:103,2
DA:106,1
DA:107,1
DA:108,2
DA:109,1
DA:110,1
DA:111,1
DA:112,1
DA:114,1
DA:115,2
DA:116,2
DA:119,1
DA:120,1
DA:121,2
DA:122,1
DA:123,1
DA:124,1
DA:125,1
DA:127,1
DA:128,2
DA:129,2
LF:76
LH:76
end_of_record
SF:lib/network/api_user.dart
DA:15,1
DA:17,1
DA:18,1
DA:19,1
DA:20,1
DA:21,1
DA:22,1
DA:23,1
DA:24,1
DA:25,1
DA:26,1
DA:30,1
DA:31,1
DA:32,1
DA:33,3
DA:36,1
DA:37,2
DA:40,1
DA:43,1
DA:44,1
DA:45,2
DA:48,1
DA:49,1
DA:52,1
DA:53,1
DA:54,2
DA:57,1
DA:58,1
DA:59,2
DA:65,1
DA:66,1
DA:67,1
DA:68,2
DA:69,1
DA:70,1
DA:71,2
DA:72,1
DA:73,1
DA:74,2
DA:77,2
DA:81,1
DA:83,1
DA:84,2
DA:85,1
DA:86,1
DA:87,2
DA:88,1
DA:89,1
DA:90,2
DA:94,1
DA:96,3
DA:97,1
DA:98,1
DA:99,1
DA:100,1
DA:102,1
DA:103,1
DA:104,1
DA:105,2
DA:109,1
DA:111,1
DA:112,3
DA:113,1
DA:114,1
DA:115,1
DA:116,1
DA:118,1
DA:119,1
DA:120,3
DA:121,1
DA:122,2
DA:126,1
DA:128,1
DA:129,3
DA:130,1
DA:131,1
DA:132,2
DA:133,1
DA:134,1
DA:135,2
LF:80
LH:80
end_of_record
SF:lib/network/api_call.dart
DA:6,4
DA:7,4
DA:8,4
DA:9,4
LF:4
LH:4
end_of_record
SF:lib/others/fs_core_utils.dart
DA:5,7
DA:6,7
DA:7,7
LF:3
LH:3
end_of_record
